2018-06-22 11:45:51,772 [Worker-4] INFO  c.g.t.t.d.PublishedGradleVersions - Gradle version information cache is up-to-date. Trying to read.
2018-06-22 11:46:45,818 [Worker-10] INFO  o.e.m.c.i.p.ProjectConfigurationManager - Collecting project info '/pom.xml' C:\Users\Admin\Desktop\Test-Workspace\Test\pom.xml
2018-06-22 11:46:46,656 [Worker-10] INFO  o.e.m.c.i.l.LifecycleMappingFactory - Using org.eclipse.m2e.jdt.JarLifecycleMapping lifecycle mapping for MavenProject: AutoTestingAssessment:Test:0.0.1-SNAPSHOT @ C:\Users\Admin\Desktop\Test-Workspace\Test\pom.xml.
2018-06-22 11:46:47,154 [Worker-10] INFO  o.e.m.j.i.AbstractJavaProjectConfigurator - Adding source folder /Test/src/main/java
2018-06-22 11:46:47,161 [Worker-10] INFO  o.e.m.j.i.AbstractJavaProjectConfigurator - Adding source folder /Test/src/test/java
2018-06-22 11:46:47,674 [Worker-10] INFO  o.e.m.c.i.p.ProjectConfigurationManager - Imported and configured 1 project(s) in 1 sec
2018-06-22 11:46:48,154 [Worker-3] INFO  o.e.m.c.i.embedder.EclipseLogger - Using 'UTF-8' encoding to copy filtered resources.
2018-06-22 11:46:48,154 [Worker-3] INFO  o.e.m.c.i.embedder.EclipseLogger - skip non existing resourceDirectory C:\Users\Admin\Desktop\Test-Workspace\Test\src\main\resources
2018-06-22 11:46:48,156 [Worker-3] INFO  o.e.m.c.i.embedder.EclipseLogger - Using 'UTF-8' encoding to copy filtered resources.
2018-06-22 11:46:48,156 [Worker-3] INFO  o.e.m.c.i.embedder.EclipseLogger - skip non existing resourceDirectory C:\Users\Admin\Desktop\Test-Workspace\Test\src\test\resources
2018-06-22 13:01:06,233 [Worker-7] INFO  o.e.m.c.i.embedder.EclipseLogger - Using 'UTF-8' encoding to copy filtered resources.
2018-06-22 13:01:06,233 [Worker-7] INFO  o.e.m.c.i.embedder.EclipseLogger - skip non existing resourceDirectory C:\Users\Admin\Desktop\Test-Workspace\Test\src\main\resources
2018-06-22 13:01:06,235 [Worker-7] INFO  o.e.m.c.i.embedder.EclipseLogger - Using 'UTF-8' encoding to copy filtered resources.
2018-06-22 13:01:06,235 [Worker-7] INFO  o.e.m.c.i.embedder.EclipseLogger - skip non existing resourceDirectory C:\Users\Admin\Desktop\Test-Workspace\Test\src\test\resources
2018-06-22 13:01:55,542 [Worker-14] INFO  o.e.m.c.i.l.LifecycleMappingFactory - Using org.eclipse.m2e.jdt.JarLifecycleMapping lifecycle mapping for MavenProject: AutoTestingAssessment:Test:0.0.1-SNAPSHOT @ C:\Users\Admin\Desktop\Test-Workspace\Test\pom.xml.
2018-06-22 13:01:56,089 [Worker-14] INFO  o.e.m.c.i.embedder.EclipseLogger - Using 'UTF-8' encoding to copy filtered resources.
2018-06-22 13:01:56,090 [Worker-14] INFO  o.e.m.c.i.embedder.EclipseLogger - skip non existing resourceDirectory C:\Users\Admin\Desktop\Test-Workspace\Test\src\main\resources
2018-06-22 13:01:56,091 [Worker-14] INFO  o.e.m.c.i.embedder.EclipseLogger - Using 'UTF-8' encoding to copy filtered resources.
2018-06-22 13:01:56,092 [Worker-14] INFO  o.e.m.c.i.embedder.EclipseLogger - skip non existing resourceDirectory C:\Users\Admin\Desktop\Test-Workspace\Test\src\test\resources
2018-06-22 13:01:56,558 [Worker-16] INFO  o.e.m.c.i.embedder.EclipseLogger - Using 'UTF-8' encoding to copy filtered resources.
2018-06-22 13:01:56,558 [Worker-16] INFO  o.e.m.c.i.embedder.EclipseLogger - skip non existing resourceDirectory C:\Users\Admin\Desktop\Test-Workspace\Test\src\main\resources
2018-06-22 13:01:56,559 [Worker-16] INFO  o.e.m.c.i.embedder.EclipseLogger - Using 'UTF-8' encoding to copy filtered resources.
2018-06-22 13:01:56,559 [Worker-16] INFO  o.e.m.c.i.embedder.EclipseLogger - skip non existing resourceDirectory C:\Users\Admin\Desktop\Test-Workspace\Test\src\test\resources
2018-06-22 13:02:57,965 [Worker-18] INFO  o.e.m.c.i.embedder.EclipseLogger - Using 'UTF-8' encoding to copy filtered resources.
2018-06-22 13:02:57,965 [Worker-18] INFO  o.e.m.c.i.embedder.EclipseLogger - skip non existing resourceDirectory C:\Users\Admin\Desktop\Test-Workspace\Test\src\main\resources
2018-06-22 13:02:57,967 [Worker-18] INFO  o.e.m.c.i.embedder.EclipseLogger - Using 'UTF-8' encoding to copy filtered resources.
2018-06-22 13:02:57,967 [Worker-18] INFO  o.e.m.c.i.embedder.EclipseLogger - skip non existing resourceDirectory C:\Users\Admin\Desktop\Test-Workspace\Test\src\test\resources
2018-06-22 13:05:40,402 [Worker-7] INFO  o.e.m.c.i.embedder.EclipseLogger - Using 'UTF-8' encoding to copy filtered resources.
2018-06-22 13:05:40,402 [Worker-7] INFO  o.e.m.c.i.embedder.EclipseLogger - skip non existing resourceDirectory C:\Users\Admin\Desktop\Test-Workspace\Test\src\main\resources
2018-06-22 13:05:40,403 [Worker-7] INFO  o.e.m.c.i.embedder.EclipseLogger - Using 'UTF-8' encoding to copy filtered resources.
2018-06-22 13:05:40,403 [Worker-7] INFO  o.e.m.c.i.embedder.EclipseLogger - skip non existing resourceDirectory C:\Users\Admin\Desktop\Test-Workspace\Test\src\test\resources
2018-06-22 13:07:13,388 [Worker-21] INFO  o.e.m.c.i.embedder.EclipseLogger - Using 'UTF-8' encoding to copy filtered resources.
2018-06-22 13:07:13,388 [Worker-21] INFO  o.e.m.c.i.embedder.EclipseLogger - skip non existing resourceDirectory C:\Users\Admin\Desktop\Test-Workspace\Test\src\main\resources
2018-06-22 13:07:13,389 [Worker-21] INFO  o.e.m.c.i.embedder.EclipseLogger - Using 'UTF-8' encoding to copy filtered resources.
2018-06-22 13:07:13,389 [Worker-21] INFO  o.e.m.c.i.embedder.EclipseLogger - skip non existing resourceDirectory C:\Users\Admin\Desktop\Test-Workspace\Test\src\test\resources
2018-06-22 13:15:17,221 [Worker-17] INFO  o.e.m.c.i.embedder.EclipseLogger - Using 'UTF-8' encoding to copy filtered resources.
2018-06-22 13:15:17,221 [Worker-17] INFO  o.e.m.c.i.embedder.EclipseLogger - skip non existing resourceDirectory C:\Users\Admin\Desktop\Test-Workspace\Test\src\main\resources
2018-06-22 13:15:17,223 [Worker-17] INFO  o.e.m.c.i.embedder.EclipseLogger - Using 'UTF-8' encoding to copy filtered resources.
2018-06-22 13:15:17,223 [Worker-17] INFO  o.e.m.c.i.embedder.EclipseLogger - skip non existing resourceDirectory C:\Users\Admin\Desktop\Test-Workspace\Test\src\test\resources
2018-06-22 13:15:27,858 [Worker-17] INFO  o.e.m.c.i.embedder.EclipseLogger - Using 'UTF-8' encoding to copy filtered resources.
2018-06-22 13:15:27,858 [Worker-17] INFO  o.e.m.c.i.embedder.EclipseLogger - skip non existing resourceDirectory C:\Users\Admin\Desktop\Test-Workspace\Test\src\main\resources
2018-06-22 13:15:27,859 [Worker-17] INFO  o.e.m.c.i.embedder.EclipseLogger - Using 'UTF-8' encoding to copy filtered resources.
2018-06-22 13:15:27,859 [Worker-17] INFO  o.e.m.c.i.embedder.EclipseLogger - skip non existing resourceDirectory C:\Users\Admin\Desktop\Test-Workspace\Test\src\test\resources
2018-06-22 13:15:37,164 [Worker-20] INFO  o.e.m.c.i.embedder.EclipseLogger - Using 'UTF-8' encoding to copy filtered resources.
2018-06-22 13:15:37,164 [Worker-20] INFO  o.e.m.c.i.embedder.EclipseLogger - skip non existing resourceDirectory C:\Users\Admin\Desktop\Test-Workspace\Test\src\main\resources
2018-06-22 13:15:37,166 [Worker-20] INFO  o.e.m.c.i.embedder.EclipseLogger - Using 'UTF-8' encoding to copy filtered resources.
2018-06-22 13:15:37,166 [Worker-20] INFO  o.e.m.c.i.embedder.EclipseLogger - skip non existing resourceDirectory C:\Users\Admin\Desktop\Test-Workspace\Test\src\test\resources
2018-06-22 13:26:16,293 [Worker-20] INFO  o.e.m.c.i.embedder.EclipseLogger - Using 'UTF-8' encoding to copy filtered resources.
2018-06-22 13:26:16,294 [Worker-20] INFO  o.e.m.c.i.embedder.EclipseLogger - skip non existing resourceDirectory C:\Users\Admin\Desktop\Test-Workspace\Test\src\main\resources
2018-06-22 13:26:16,294 [Worker-20] INFO  o.e.m.c.i.embedder.EclipseLogger - Using 'UTF-8' encoding to copy filtered resources.
2018-06-22 13:26:16,294 [Worker-20] INFO  o.e.m.c.i.embedder.EclipseLogger - skip non existing resourceDirectory C:\Users\Admin\Desktop\Test-Workspace\Test\src\test\resources
2018-06-22 13:27:14,785 [Worker-25] INFO  o.e.m.c.i.embedder.EclipseLogger - Using 'UTF-8' encoding to copy filtered resources.
2018-06-22 13:27:14,786 [Worker-25] INFO  o.e.m.c.i.embedder.EclipseLogger - skip non existing resourceDirectory C:\Users\Admin\Desktop\Test-Workspace\Test\src\main\resources
2018-06-22 13:27:14,786 [Worker-25] INFO  o.e.m.c.i.embedder.EclipseLogger - Using 'UTF-8' encoding to copy filtered resources.
2018-06-22 13:27:14,787 [Worker-25] INFO  o.e.m.c.i.embedder.EclipseLogger - skip non existing resourceDirectory C:\Users\Admin\Desktop\Test-Workspace\Test\src\test\resources
2018-06-22 13:34:58,702 [Worker-20] INFO  o.e.m.c.i.embedder.EclipseLogger - Using 'UTF-8' encoding to copy filtered resources.
2018-06-22 13:34:58,703 [Worker-20] INFO  o.e.m.c.i.embedder.EclipseLogger - skip non existing resourceDirectory C:\Users\Admin\Desktop\Test-Workspace\Test\src\main\resources
2018-06-22 13:34:58,703 [Worker-20] INFO  o.e.m.c.i.embedder.EclipseLogger - Using 'UTF-8' encoding to copy filtered resources.
2018-06-22 13:34:58,703 [Worker-20] INFO  o.e.m.c.i.embedder.EclipseLogger - skip non existing resourceDirectory C:\Users\Admin\Desktop\Test-Workspace\Test\src\test\resources
2018-06-22 13:37:51,340 [Worker-20] INFO  o.e.m.c.i.l.LifecycleMappingFactory - Using org.eclipse.m2e.jdt.JarLifecycleMapping lifecycle mapping for MavenProject: AutoTestingAssessment:Test:0.0.1-SNAPSHOT @ C:\Users\Admin\Desktop\Test-Workspace\Test\pom.xml.
2018-06-22 13:37:51,927 [Worker-20] INFO  o.e.m.c.i.embedder.EclipseLogger - Using 'UTF-8' encoding to copy filtered resources.
2018-06-22 13:37:51,928 [Worker-20] INFO  o.e.m.c.i.embedder.EclipseLogger - skip non existing resourceDirectory C:\Users\Admin\Desktop\Test-Workspace\Test\src\main\resources
2018-06-22 13:37:51,929 [Worker-20] INFO  o.e.m.c.i.embedder.EclipseLogger - Using 'UTF-8' encoding to copy filtered resources.
2018-06-22 13:37:51,929 [Worker-20] INFO  o.e.m.c.i.embedder.EclipseLogger - skip non existing resourceDirectory C:\Users\Admin\Desktop\Test-Workspace\Test\src\test\resources
2018-06-22 13:37:53,236 [Worker-24] INFO  o.e.m.c.i.embedder.EclipseLogger - Using 'UTF-8' encoding to copy filtered resources.
2018-06-22 13:37:53,236 [Worker-24] INFO  o.e.m.c.i.embedder.EclipseLogger - skip non existing resourceDirectory C:\Users\Admin\Desktop\Test-Workspace\Test\src\main\resources
2018-06-22 13:37:53,237 [Worker-24] INFO  o.e.m.c.i.embedder.EclipseLogger - Using 'UTF-8' encoding to copy filtered resources.
2018-06-22 13:37:53,237 [Worker-24] INFO  o.e.m.c.i.embedder.EclipseLogger - skip non existing resourceDirectory C:\Users\Admin\Desktop\Test-Workspace\Test\src\test\resources
2018-06-22 13:48:10,079 [Worker-27] INFO  o.e.m.c.i.embedder.EclipseLogger - Using 'UTF-8' encoding to copy filtered resources.
2018-06-22 13:48:10,080 [Worker-27] INFO  o.e.m.c.i.embedder.EclipseLogger - skip non existing resourceDirectory C:\Users\Admin\Desktop\Test-Workspace\Test\src\main\resources
2018-06-22 13:48:10,081 [Worker-27] INFO  o.e.m.c.i.embedder.EclipseLogger - Using 'UTF-8' encoding to copy filtered resources.
2018-06-22 13:48:10,081 [Worker-27] INFO  o.e.m.c.i.embedder.EclipseLogger - skip non existing resourceDirectory C:\Users\Admin\Desktop\Test-Workspace\Test\src\test\resources
2018-06-22 13:48:15,252 [Worker-27] INFO  o.e.m.c.i.embedder.EclipseLogger - Using 'UTF-8' encoding to copy filtered resources.
2018-06-22 13:48:15,252 [Worker-27] INFO  o.e.m.c.i.embedder.EclipseLogger - skip non existing resourceDirectory C:\Users\Admin\Desktop\Test-Workspace\Test\src\main\resources
2018-06-22 13:48:15,253 [Worker-27] INFO  o.e.m.c.i.embedder.EclipseLogger - Using 'UTF-8' encoding to copy filtered resources.
2018-06-22 13:48:15,253 [Worker-27] INFO  o.e.m.c.i.embedder.EclipseLogger - skip non existing resourceDirectory C:\Users\Admin\Desktop\Test-Workspace\Test\src\test\resources
2018-06-22 13:52:34,272 [Worker-26] INFO  o.e.m.c.i.embedder.EclipseLogger - Using 'UTF-8' encoding to copy filtered resources.
2018-06-22 13:52:34,272 [Worker-26] INFO  o.e.m.c.i.embedder.EclipseLogger - skip non existing resourceDirectory C:\Users\Admin\Desktop\Test-Workspace\Test\src\main\resources
2018-06-22 13:52:34,273 [Worker-26] INFO  o.e.m.c.i.embedder.EclipseLogger - Using 'UTF-8' encoding to copy filtered resources.
2018-06-22 13:52:34,273 [Worker-26] INFO  o.e.m.c.i.embedder.EclipseLogger - skip non existing resourceDirectory C:\Users\Admin\Desktop\Test-Workspace\Test\src\test\resources
2018-06-22 13:54:21,936 [Worker-30] INFO  o.e.m.c.i.embedder.EclipseLogger - Using 'UTF-8' encoding to copy filtered resources.
2018-06-22 13:54:21,936 [Worker-30] INFO  o.e.m.c.i.embedder.EclipseLogger - skip non existing resourceDirectory C:\Users\Admin\Desktop\Test-Workspace\Test\src\main\resources
2018-06-22 13:54:21,937 [Worker-30] INFO  o.e.m.c.i.embedder.EclipseLogger - Using 'UTF-8' encoding to copy filtered resources.
2018-06-22 13:54:21,937 [Worker-30] INFO  o.e.m.c.i.embedder.EclipseLogger - skip non existing resourceDirectory C:\Users\Admin\Desktop\Test-Workspace\Test\src\test\resources
2018-06-22 13:55:24,602 [Worker-29] INFO  o.e.m.c.i.embedder.EclipseLogger - Using 'UTF-8' encoding to copy filtered resources.
2018-06-22 13:55:24,603 [Worker-29] INFO  o.e.m.c.i.embedder.EclipseLogger - skip non existing resourceDirectory C:\Users\Admin\Desktop\Test-Workspace\Test\src\main\resources
2018-06-22 13:55:24,604 [Worker-29] INFO  o.e.m.c.i.embedder.EclipseLogger - Using 'UTF-8' encoding to copy filtered resources.
2018-06-22 13:55:24,604 [Worker-29] INFO  o.e.m.c.i.embedder.EclipseLogger - skip non existing resourceDirectory C:\Users\Admin\Desktop\Test-Workspace\Test\src\test\resources
2018-06-22 13:59:41,427 [Worker-29] INFO  o.e.m.c.i.embedder.EclipseLogger - Using 'UTF-8' encoding to copy filtered resources.
2018-06-22 13:59:41,427 [Worker-29] INFO  o.e.m.c.i.embedder.EclipseLogger - skip non existing resourceDirectory C:\Users\Admin\Desktop\Test-Workspace\Test\src\main\resources
2018-06-22 13:59:41,429 [Worker-29] INFO  o.e.m.c.i.embedder.EclipseLogger - Using 'UTF-8' encoding to copy filtered resources.
2018-06-22 13:59:41,429 [Worker-29] INFO  o.e.m.c.i.embedder.EclipseLogger - skip non existing resourceDirectory C:\Users\Admin\Desktop\Test-Workspace\Test\src\test\resources
2018-06-22 14:00:14,271 [Worker-30] INFO  o.e.m.c.i.embedder.EclipseLogger - Using 'UTF-8' encoding to copy filtered resources.
2018-06-22 14:00:14,272 [Worker-30] INFO  o.e.m.c.i.embedder.EclipseLogger - skip non existing resourceDirectory C:\Users\Admin\Desktop\Test-Workspace\Test\src\main\resources
2018-06-22 14:00:14,273 [Worker-30] INFO  o.e.m.c.i.embedder.EclipseLogger - Using 'UTF-8' encoding to copy filtered resources.
2018-06-22 14:00:14,273 [Worker-30] INFO  o.e.m.c.i.embedder.EclipseLogger - skip non existing resourceDirectory C:\Users\Admin\Desktop\Test-Workspace\Test\src\test\resources
2018-06-22 14:15:12,032 [Worker-29] INFO  o.e.m.c.i.embedder.EclipseLogger - Using 'UTF-8' encoding to copy filtered resources.
2018-06-22 14:15:12,032 [Worker-29] INFO  o.e.m.c.i.embedder.EclipseLogger - skip non existing resourceDirectory C:\Users\Admin\Desktop\Test-Workspace\Test\src\main\resources
2018-06-22 14:15:12,033 [Worker-29] INFO  o.e.m.c.i.embedder.EclipseLogger - Using 'UTF-8' encoding to copy filtered resources.
2018-06-22 14:15:12,033 [Worker-29] INFO  o.e.m.c.i.embedder.EclipseLogger - skip non existing resourceDirectory C:\Users\Admin\Desktop\Test-Workspace\Test\src\test\resources
2018-06-22 14:15:55,096 [Worker-29] INFO  o.e.m.c.i.embedder.EclipseLogger - Using 'UTF-8' encoding to copy filtered resources.
2018-06-22 14:15:55,097 [Worker-29] INFO  o.e.m.c.i.embedder.EclipseLogger - skip non existing resourceDirectory C:\Users\Admin\Desktop\Test-Workspace\Test\src\main\resources
2018-06-22 14:15:55,097 [Worker-29] INFO  o.e.m.c.i.embedder.EclipseLogger - Using 'UTF-8' encoding to copy filtered resources.
2018-06-22 14:15:55,097 [Worker-29] INFO  o.e.m.c.i.embedder.EclipseLogger - skip non existing resourceDirectory C:\Users\Admin\Desktop\Test-Workspace\Test\src\test\resources
2018-06-22 14:16:40,064 [Worker-31] INFO  o.e.m.c.i.e.AbstractTransferListenerAdapter - Downloading https://repo.maven.apache.org/maven2/junit/junit/4.12/junit-4.12-sources.jar
2018-06-22 14:16:40,182 [Worker-31] INFO  o.e.m.c.i.e.AbstractTransferListenerAdapter - Downloaded https://repo.maven.apache.org/maven2/junit/junit/4.12/junit-4.12-sources.jar
2018-06-22 14:16:41,485 [Worker-31] INFO  o.e.m.j.internal.DownloadSourcesJob - Downloaded sources for junit:junit:4.12
2018-06-22 14:16:41,650 [Worker-34] INFO  o.e.m.c.i.embedder.EclipseLogger - Using 'UTF-8' encoding to copy filtered resources.
2018-06-22 14:16:41,650 [Worker-34] INFO  o.e.m.c.i.embedder.EclipseLogger - skip non existing resourceDirectory C:\Users\Admin\Desktop\Test-Workspace\Test\src\main\resources
2018-06-22 14:16:41,650 [Worker-34] INFO  o.e.m.c.i.embedder.EclipseLogger - Using 'UTF-8' encoding to copy filtered resources.
2018-06-22 14:16:41,650 [Worker-34] INFO  o.e.m.c.i.embedder.EclipseLogger - skip non existing resourceDirectory C:\Users\Admin\Desktop\Test-Workspace\Test\src\test\resources
2018-06-22 14:18:38,094 [Worker-33] INFO  o.e.m.c.i.embedder.EclipseLogger - Using 'UTF-8' encoding to copy filtered resources.
2018-06-22 14:18:38,095 [Worker-33] INFO  o.e.m.c.i.embedder.EclipseLogger - skip non existing resourceDirectory C:\Users\Admin\Desktop\Test-Workspace\Test\src\main\resources
2018-06-22 14:18:38,095 [Worker-33] INFO  o.e.m.c.i.embedder.EclipseLogger - Using 'UTF-8' encoding to copy filtered resources.
2018-06-22 14:18:38,095 [Worker-33] INFO  o.e.m.c.i.embedder.EclipseLogger - skip non existing resourceDirectory C:\Users\Admin\Desktop\Test-Workspace\Test\src\test\resources
2018-06-22 14:19:15,886 [Worker-32] INFO  o.e.m.c.i.embedder.EclipseLogger - Using 'UTF-8' encoding to copy filtered resources.
2018-06-22 14:19:15,887 [Worker-32] INFO  o.e.m.c.i.embedder.EclipseLogger - skip non existing resourceDirectory C:\Users\Admin\Desktop\Test-Workspace\Test\src\main\resources
2018-06-22 14:19:15,889 [Worker-32] INFO  o.e.m.c.i.embedder.EclipseLogger - Using 'UTF-8' encoding to copy filtered resources.
2018-06-22 14:19:15,889 [Worker-32] INFO  o.e.m.c.i.embedder.EclipseLogger - skip non existing resourceDirectory C:\Users\Admin\Desktop\Test-Workspace\Test\src\test\resources
2018-06-22 14:22:35,749 [Worker-34] INFO  o.e.m.c.i.embedder.EclipseLogger - Using 'UTF-8' encoding to copy filtered resources.
2018-06-22 14:22:35,749 [Worker-34] INFO  o.e.m.c.i.embedder.EclipseLogger - skip non existing resourceDirectory C:\Users\Admin\Desktop\Test-Workspace\Test\src\main\resources
2018-06-22 14:22:35,750 [Worker-34] INFO  o.e.m.c.i.embedder.EclipseLogger - Using 'UTF-8' encoding to copy filtered resources.
2018-06-22 14:22:35,750 [Worker-34] INFO  o.e.m.c.i.embedder.EclipseLogger - skip non existing resourceDirectory C:\Users\Admin\Desktop\Test-Workspace\Test\src\test\resources
2018-06-22 14:30:04,636 [Worker-33] INFO  o.e.m.c.i.embedder.EclipseLogger - Using 'UTF-8' encoding to copy filtered resources.
2018-06-22 14:30:04,636 [Worker-33] INFO  o.e.m.c.i.embedder.EclipseLogger - skip non existing resourceDirectory C:\Users\Admin\Desktop\Test-Workspace\Test\src\main\resources
2018-06-22 14:30:04,637 [Worker-33] INFO  o.e.m.c.i.embedder.EclipseLogger - Using 'UTF-8' encoding to copy filtered resources.
2018-06-22 14:30:04,638 [Worker-33] INFO  o.e.m.c.i.embedder.EclipseLogger - skip non existing resourceDirectory C:\Users\Admin\Desktop\Test-Workspace\Test\src\test\resources
2018-06-22 14:40:42,640 [Worker-35] INFO  o.e.m.c.i.embedder.EclipseLogger - Using 'UTF-8' encoding to copy filtered resources.
2018-06-22 14:40:42,640 [Worker-35] INFO  o.e.m.c.i.embedder.EclipseLogger - skip non existing resourceDirectory C:\Users\Admin\Desktop\Test-Workspace\Test\src\main\resources
2018-06-22 14:40:42,641 [Worker-35] INFO  o.e.m.c.i.embedder.EclipseLogger - Using 'UTF-8' encoding to copy filtered resources.
2018-06-22 14:40:42,641 [Worker-35] INFO  o.e.m.c.i.embedder.EclipseLogger - skip non existing resourceDirectory C:\Users\Admin\Desktop\Test-Workspace\Test\src\test\resources
2018-06-22 14:41:38,378 [Worker-27] INFO  o.e.m.c.i.embedder.EclipseLogger - Using 'UTF-8' encoding to copy filtered resources.
2018-06-22 14:41:38,378 [Worker-27] INFO  o.e.m.c.i.embedder.EclipseLogger - skip non existing resourceDirectory C:\Users\Admin\Desktop\Test-Workspace\Test\src\main\resources
2018-06-22 14:41:38,379 [Worker-27] INFO  o.e.m.c.i.embedder.EclipseLogger - Using 'UTF-8' encoding to copy filtered resources.
2018-06-22 14:41:38,379 [Worker-27] INFO  o.e.m.c.i.embedder.EclipseLogger - skip non existing resourceDirectory C:\Users\Admin\Desktop\Test-Workspace\Test\src\test\resources
2018-06-22 14:43:24,327 [Worker-36] INFO  o.e.m.c.i.embedder.EclipseLogger - Using 'UTF-8' encoding to copy filtered resources.
2018-06-22 14:43:24,327 [Worker-36] INFO  o.e.m.c.i.embedder.EclipseLogger - skip non existing resourceDirectory C:\Users\Admin\Desktop\Test-Workspace\Test\src\main\resources
2018-06-22 14:43:24,328 [Worker-36] INFO  o.e.m.c.i.embedder.EclipseLogger - Using 'UTF-8' encoding to copy filtered resources.
2018-06-22 14:43:24,328 [Worker-36] INFO  o.e.m.c.i.embedder.EclipseLogger - skip non existing resourceDirectory C:\Users\Admin\Desktop\Test-Workspace\Test\src\test\resources
2018-06-22 14:45:10,392 [Worker-37] INFO  o.e.m.c.i.embedder.EclipseLogger - Using 'UTF-8' encoding to copy filtered resources.
2018-06-22 14:45:10,392 [Worker-37] INFO  o.e.m.c.i.embedder.EclipseLogger - skip non existing resourceDirectory C:\Users\Admin\Desktop\Test-Workspace\Test\src\main\resources
2018-06-22 14:45:10,393 [Worker-37] INFO  o.e.m.c.i.embedder.EclipseLogger - Using 'UTF-8' encoding to copy filtered resources.
2018-06-22 14:45:10,393 [Worker-37] INFO  o.e.m.c.i.embedder.EclipseLogger - skip non existing resourceDirectory C:\Users\Admin\Desktop\Test-Workspace\Test\src\test\resources
2018-06-22 14:47:42,940 [Worker-37] INFO  o.e.m.c.i.embedder.EclipseLogger - Using 'UTF-8' encoding to copy filtered resources.
2018-06-22 14:47:42,940 [Worker-37] INFO  o.e.m.c.i.embedder.EclipseLogger - skip non existing resourceDirectory C:\Users\Admin\Desktop\Test-Workspace\Test\src\main\resources
2018-06-22 14:47:42,941 [Worker-37] INFO  o.e.m.c.i.embedder.EclipseLogger - Using 'UTF-8' encoding to copy filtered resources.
2018-06-22 14:47:42,941 [Worker-37] INFO  o.e.m.c.i.embedder.EclipseLogger - skip non existing resourceDirectory C:\Users\Admin\Desktop\Test-Workspace\Test\src\test\resources
2018-06-22 14:53:36,969 [Worker-36] INFO  o.e.m.c.i.embedder.EclipseLogger - Using 'UTF-8' encoding to copy filtered resources.
2018-06-22 14:53:36,969 [Worker-36] INFO  o.e.m.c.i.embedder.EclipseLogger - skip non existing resourceDirectory C:\Users\Admin\Desktop\Test-Workspace\Test\src\main\resources
2018-06-22 14:53:36,969 [Worker-36] INFO  o.e.m.c.i.embedder.EclipseLogger - Using 'UTF-8' encoding to copy filtered resources.
2018-06-22 14:53:36,969 [Worker-36] INFO  o.e.m.c.i.embedder.EclipseLogger - skip non existing resourceDirectory C:\Users\Admin\Desktop\Test-Workspace\Test\src\test\resources
2018-06-22 15:09:26,219 [Worker-32] INFO  o.e.m.c.i.embedder.EclipseLogger - Using 'UTF-8' encoding to copy filtered resources.
2018-06-22 15:09:26,220 [Worker-32] INFO  o.e.m.c.i.embedder.EclipseLogger - skip non existing resourceDirectory C:\Users\Admin\Desktop\Test-Workspace\Test\src\main\resources
2018-06-22 15:09:26,220 [Worker-32] INFO  o.e.m.c.i.embedder.EclipseLogger - Using 'UTF-8' encoding to copy filtered resources.
2018-06-22 15:09:26,220 [Worker-32] INFO  o.e.m.c.i.embedder.EclipseLogger - skip non existing resourceDirectory C:\Users\Admin\Desktop\Test-Workspace\Test\src\test\resources
2018-06-22 15:13:27,288 [Worker-40] INFO  o.e.m.c.i.embedder.EclipseLogger - Using 'UTF-8' encoding to copy filtered resources.
2018-06-22 15:13:27,289 [Worker-40] INFO  o.e.m.c.i.embedder.EclipseLogger - skip non existing resourceDirectory C:\Users\Admin\Desktop\Test-Workspace\Test\src\main\resources
2018-06-22 15:13:27,289 [Worker-40] INFO  o.e.m.c.i.embedder.EclipseLogger - Using 'UTF-8' encoding to copy filtered resources.
2018-06-22 15:13:27,289 [Worker-40] INFO  o.e.m.c.i.embedder.EclipseLogger - skip non existing resourceDirectory C:\Users\Admin\Desktop\Test-Workspace\Test\src\test\resources
2018-06-22 15:14:48,804 [Worker-38] INFO  o.e.m.c.i.l.LifecycleMappingFactory - Using org.eclipse.m2e.jdt.JarLifecycleMapping lifecycle mapping for MavenProject: AutoTestingAssessment:Test:0.0.1-SNAPSHOT @ C:\Users\Admin\Desktop\Test-Workspace\Test\pom.xml.
2018-06-22 15:14:50,184 [Worker-38] INFO  o.e.m.c.i.embedder.EclipseLogger - Using 'UTF-8' encoding to copy filtered resources.
2018-06-22 15:14:50,185 [Worker-38] INFO  o.e.m.c.i.embedder.EclipseLogger - skip non existing resourceDirectory C:\Users\Admin\Desktop\Test-Workspace\Test\src\main\resources
2018-06-22 15:14:50,186 [Worker-38] INFO  o.e.m.c.i.embedder.EclipseLogger - Using 'UTF-8' encoding to copy filtered resources.
2018-06-22 15:14:50,186 [Worker-38] INFO  o.e.m.c.i.embedder.EclipseLogger - skip non existing resourceDirectory C:\Users\Admin\Desktop\Test-Workspace\Test\src\test\resources
2018-06-22 15:14:51,869 [Worker-41] INFO  o.e.m.c.i.embedder.EclipseLogger - Using 'UTF-8' encoding to copy filtered resources.
2018-06-22 15:14:51,869 [Worker-41] INFO  o.e.m.c.i.embedder.EclipseLogger - skip non existing resourceDirectory C:\Users\Admin\Desktop\Test-Workspace\Test\src\main\resources
2018-06-22 15:14:51,869 [Worker-41] INFO  o.e.m.c.i.embedder.EclipseLogger - Using 'UTF-8' encoding to copy filtered resources.
2018-06-22 15:14:51,870 [Worker-41] INFO  o.e.m.c.i.embedder.EclipseLogger - skip non existing resourceDirectory C:\Users\Admin\Desktop\Test-Workspace\Test\src\test\resources
2018-06-22 15:15:31,941 [Worker-36] INFO  o.e.m.c.i.embedder.EclipseLogger - Using 'UTF-8' encoding to copy filtered resources.
2018-06-22 15:15:31,941 [Worker-36] INFO  o.e.m.c.i.embedder.EclipseLogger - skip non existing resourceDirectory C:\Users\Admin\Desktop\Test-Workspace\Test\src\main\resources
2018-06-22 15:15:31,942 [Worker-36] INFO  o.e.m.c.i.embedder.EclipseLogger - Using 'UTF-8' encoding to copy filtered resources.
2018-06-22 15:15:31,942 [Worker-36] INFO  o.e.m.c.i.embedder.EclipseLogger - skip non existing resourceDirectory C:\Users\Admin\Desktop\Test-Workspace\Test\src\test\resources
2018-06-22 15:26:14,263 [Worker-40] INFO  o.e.m.c.i.embedder.EclipseLogger - Using 'UTF-8' encoding to copy filtered resources.
2018-06-22 15:26:14,264 [Worker-40] INFO  o.e.m.c.i.embedder.EclipseLogger - skip non existing resourceDirectory C:\Users\Admin\Desktop\Test-Workspace\Test\src\main\resources
2018-06-22 15:26:14,264 [Worker-40] INFO  o.e.m.c.i.embedder.EclipseLogger - Using 'UTF-8' encoding to copy filtered resources.
2018-06-22 15:26:14,264 [Worker-40] INFO  o.e.m.c.i.embedder.EclipseLogger - skip non existing resourceDirectory C:\Users\Admin\Desktop\Test-Workspace\Test\src\test\resources
2018-06-22 15:26:54,586 [Worker-43] INFO  o.e.m.c.i.embedder.EclipseLogger - Using 'UTF-8' encoding to copy filtered resources.
2018-06-22 15:26:54,587 [Worker-43] INFO  o.e.m.c.i.embedder.EclipseLogger - skip non existing resourceDirectory C:\Users\Admin\Desktop\Test-Workspace\Test\src\main\resources
2018-06-22 15:26:54,587 [Worker-43] INFO  o.e.m.c.i.embedder.EclipseLogger - Using 'UTF-8' encoding to copy filtered resources.
2018-06-22 15:26:54,587 [Worker-43] INFO  o.e.m.c.i.embedder.EclipseLogger - skip non existing resourceDirectory C:\Users\Admin\Desktop\Test-Workspace\Test\src\test\resources
2018-06-22 15:28:18,578 [Worker-40] INFO  o.e.m.c.i.embedder.EclipseLogger - Using 'UTF-8' encoding to copy filtered resources.
2018-06-22 15:28:18,578 [Worker-40] INFO  o.e.m.c.i.embedder.EclipseLogger - skip non existing resourceDirectory C:\Users\Admin\Desktop\Test-Workspace\Test\src\main\resources
2018-06-22 15:28:18,579 [Worker-40] INFO  o.e.m.c.i.embedder.EclipseLogger - Using 'UTF-8' encoding to copy filtered resources.
2018-06-22 15:28:18,579 [Worker-40] INFO  o.e.m.c.i.embedder.EclipseLogger - skip non existing resourceDirectory C:\Users\Admin\Desktop\Test-Workspace\Test\src\test\resources
2018-06-22 15:29:31,518 [Worker-38] INFO  o.e.m.c.i.embedder.EclipseLogger - Using 'UTF-8' encoding to copy filtered resources.
2018-06-22 15:29:31,518 [Worker-38] INFO  o.e.m.c.i.embedder.EclipseLogger - skip non existing resourceDirectory C:\Users\Admin\Desktop\Test-Workspace\Test\src\main\resources
2018-06-22 15:29:31,519 [Worker-38] INFO  o.e.m.c.i.embedder.EclipseLogger - Using 'UTF-8' encoding to copy filtered resources.
2018-06-22 15:29:31,519 [Worker-38] INFO  o.e.m.c.i.embedder.EclipseLogger - skip non existing resourceDirectory C:\Users\Admin\Desktop\Test-Workspace\Test\src\test\resources
2018-06-22 15:30:01,406 [Worker-38] INFO  o.e.m.c.i.embedder.EclipseLogger - Using 'UTF-8' encoding to copy filtered resources.
2018-06-22 15:30:01,406 [Worker-38] INFO  o.e.m.c.i.embedder.EclipseLogger - skip non existing resourceDirectory C:\Users\Admin\Desktop\Test-Workspace\Test\src\main\resources
2018-06-22 15:30:01,408 [Worker-38] INFO  o.e.m.c.i.embedder.EclipseLogger - Using 'UTF-8' encoding to copy filtered resources.
2018-06-22 15:30:01,408 [Worker-38] INFO  o.e.m.c.i.embedder.EclipseLogger - skip non existing resourceDirectory C:\Users\Admin\Desktop\Test-Workspace\Test\src\test\resources
2018-06-22 15:38:02,709 [Worker-41] INFO  o.e.m.c.i.embedder.EclipseLogger - Using 'UTF-8' encoding to copy filtered resources.
2018-06-22 15:38:02,709 [Worker-41] INFO  o.e.m.c.i.embedder.EclipseLogger - skip non existing resourceDirectory C:\Users\Admin\Desktop\Test-Workspace\Test\src\main\resources
2018-06-22 15:38:02,710 [Worker-41] INFO  o.e.m.c.i.embedder.EclipseLogger - Using 'UTF-8' encoding to copy filtered resources.
2018-06-22 15:38:02,710 [Worker-41] INFO  o.e.m.c.i.embedder.EclipseLogger - skip non existing resourceDirectory C:\Users\Admin\Desktop\Test-Workspace\Test\src\test\resources
2018-06-22 15:42:42,122 [Worker-41] INFO  o.e.m.c.i.embedder.EclipseLogger - Using 'UTF-8' encoding to copy filtered resources.
2018-06-22 15:42:42,122 [Worker-41] INFO  o.e.m.c.i.embedder.EclipseLogger - skip non existing resourceDirectory C:\Users\Admin\Desktop\Test-Workspace\Test\src\main\resources
2018-06-22 15:42:42,123 [Worker-41] INFO  o.e.m.c.i.embedder.EclipseLogger - Using 'UTF-8' encoding to copy filtered resources.
2018-06-22 15:42:42,123 [Worker-41] INFO  o.e.m.c.i.embedder.EclipseLogger - skip non existing resourceDirectory C:\Users\Admin\Desktop\Test-Workspace\Test\src\test\resources
